2025-10-13 01:14:09,731 - aqt.main - INFO - installer 140702132349824 aqtinstall(aqt) v3.1.21 on Python 3.11.13 [CPython GCC 13.3.0]
2025-10-13 01:14:09,732 - aqt.helper - DEBUG - helper 140702132349824 Attempt to download checksum at https://download.qt.io/online/qtsdkrepository/linux_x64/desktop/qt6_683/qt6_683/Updates.xml.sha256
2025-10-13 01:14:10,983 - aqt.helper - DEBUG - helper 140702132349824 Attempt to download checksum at https://download.qt.io/online/qtsdkrepository/linux_x64/extensions/qtwebengine/683/x86_64/Updates.xml.sha256
2025-10-13 01:14:12,387 - aqt.archives - INFO - archives 140702132349824 Found extension qtwebengine
2025-10-13 01:14:12,387 - aqt.helper - DEBUG - helper 140702132349824 Attempt to download checksum at https://download.qt.io/online/qtsdkrepository/linux_x64/extensions/qtpdf/683/x86_64/Updates.xml.sha256
2025-10-13 01:14:13,688 - aqt.archives - INFO - archives 140702132349824 Found extension qtpdf
2025-10-13 01:14:14,242 - aqt.helper - DEBUG - helper 140036666862464 Attempt to download checksum at https://download.qt.io/online/qtsdkrepository/linux_x64/desktop/qt6_683/qt6_683/qt.qt6.683.linux_gcc_64/6.8.3-0-202503201345qtbase-Linux-RHEL_8_10-GCC-Linux-RHEL_8_10-X86_64.7z.sha256
2025-10-13 01:14:14,244 - aqt.helper - DEBUG - helper 139797473594240 Attempt to download checksum at https://download.qt.io/online/qtsdkrepository/linux_x64/desktop/qt6_683/qt6_683/qt.qt6.683.linux_gcc_64/6.8.3-0-202503201345qtsvg-Linux-RHEL_8_10-GCC-Linux-RHEL_8_10-X86_64.7z.sha256
2025-10-13 01:14:14,251 - aqt.helper - DEBUG - helper 140357215714176 Attempt to download checksum at https://download.qt.io/online/qtsdkrepository/linux_x64/desktop/qt6_683/qt6_683/qt.qt6.683.linux_gcc_64/6.8.3-0-202503201345qtdeclarative-Linux-RHEL_8_10-GCC-Linux-RHEL_8_10-X86_64.7z.sha256
2025-10-13 01:14:14,254 - aqt.helper - DEBUG - helper 140342622067584 Attempt to download checksum at https://download.qt.io/online/qtsdkrepository/linux_x64/desktop/qt6_683/qt6_683/qt.qt6.683.linux_gcc_64/6.8.3-0-202503201345qttools-Linux-RHEL_8_10-GCC-Linux-RHEL_8_10-X86_64.7z.sha256
2025-10-13 01:14:14,877 - aqt.helper - INFO - helper 140342622067584 Downloading qttools...
2025-10-13 01:14:14,877 - aqt.installer - DEBUG - installer 140342622067584 Download URL: https://download.qt.io/online/qtsdkrepository/linux_x64/desktop/qt6_683/qt6_683/qt.qt6.683.linux_gcc_64/6.8.3-0-202503201345qttools-Linux-RHEL_8_10-GCC-Linux-RHEL_8_10-X86_64.7z
2025-10-13 01:14:14,893 - aqt.helper - INFO - helper 139797473594240 Downloading qtsvg...
2025-10-13 01:14:14,893 - aqt.helper - INFO - helper 140357215714176 Downloading qtdeclarative...
2025-10-13 01:14:14,893 - aqt.installer - DEBUG - installer 140357215714176 Download URL: https://download.qt.io/online/qtsdkrepository/linux_x64/desktop/qt6_683/qt6_683/qt.qt6.683.linux_gcc_64/6.8.3-0-202503201345qtdeclarative-Linux-RHEL_8_10-GCC-Linux-RHEL_8_10-X86_64.7z
2025-10-13 01:14:14,893 - aqt.installer - DEBUG - installer 139797473594240 Download URL: https://download.qt.io/online/qtsdkrepository/linux_x64/desktop/qt6_683/qt6_683/qt.qt6.683.linux_gcc_64/6.8.3-0-202503201345qtsvg-Linux-RHEL_8_10-GCC-Linux-RHEL_8_10-X86_64.7z
2025-10-13 01:14:14,950 - aqt.helper - INFO - helper 140036666862464 Downloading qtbase...
2025-10-13 01:14:14,951 - aqt.installer - DEBUG - installer 140036666862464 Download URL: https://download.qt.io/online/qtsdkrepository/linux_x64/desktop/qt6_683/qt6_683/qt.qt6.683.linux_gcc_64/6.8.3-0-202503201345qtbase-Linux-RHEL_8_10-GCC-Linux-RHEL_8_10-X86_64.7z
2025-10-13 01:14:15,433 - aqt.helper - DEBUG - helper 140342622067584 Asked to redirect(302) to: https://qt.mirror.constant.com/online/qtsdkrepository/linux_x64/desktop/qt6_683/qt6_683/qt.qt6.683.linux_gcc_64/6.8.3-0-202503201345qttools-Linux-RHEL_8_10-GCC-Linux-RHEL_8_10-X86_64.7z
2025-10-13 01:14:15,433 - aqt.helper - INFO - helper 140342622067584 Redirected: qt.mirror.constant.com
2025-10-13 01:14:15,447 - aqt.helper - DEBUG - helper 139797473594240 Asked to redirect(302) to: https://qt.mirror.constant.com/online/qtsdkrepository/linux_x64/desktop/qt6_683/qt6_683/qt.qt6.683.linux_gcc_64/6.8.3-0-202503201345qtsvg-Linux-RHEL_8_10-GCC-Linux-RHEL_8_10-X86_64.7z
2025-10-13 01:14:15,447 - aqt.helper - INFO - helper 139797473594240 Redirected: qt.mirror.constant.com
2025-10-13 01:14:15,452 - aqt.helper - DEBUG - helper 140357215714176 Asked to redirect(302) to: https://qt.mirror.constant.com/online/qtsdkrepository/linux_x64/desktop/qt6_683/qt6_683/qt.qt6.683.linux_gcc_64/6.8.3-0-202503201345qtdeclarative-Linux-RHEL_8_10-GCC-Linux-RHEL_8_10-X86_64.7z
2025-10-13 01:14:15,452 - aqt.helper - INFO - helper 140357215714176 Redirected: qt.mirror.constant.com
2025-10-13 01:14:15,503 - aqt.helper - DEBUG - helper 140036666862464 Asked to redirect(302) to: https://qt.mirror.constant.com/online/qtsdkrepository/linux_x64/desktop/qt6_683/qt6_683/qt.qt6.683.linux_gcc_64/6.8.3-0-202503201345qtbase-Linux-RHEL_8_10-GCC-Linux-RHEL_8_10-X86_64.7z
2025-10-13 01:14:15,503 - aqt.helper - INFO - helper 140036666862464 Redirected: qt.mirror.constant.com
2025-10-13 01:14:15,785 - aqt.installer - INFO - installer 139797473594240 Finished installation of qtsvg-Linux-RHEL_8_10-GCC-Linux-RHEL_8_10-X86_64.7z in 1.54380538
2025-10-13 01:14:15,800 - aqt.helper - DEBUG - helper 139797473594240 Attempt to download checksum at https://download.qt.io/online/qtsdkrepository/linux_x64/desktop/qt6_683/qt6_683/qt.qt6.683.linux_gcc_64/6.8.3-0-202503201345qttranslations-Linux-RHEL_8_10-GCC-Linux-RHEL_8_10-X86_64.7z.sha256
2025-10-13 01:14:16,261 - aqt.helper - INFO - helper 139797473594240 Downloading qttranslations...
2025-10-13 01:14:16,261 - aqt.installer - DEBUG - installer 139797473594240 Download URL: https://download.qt.io/online/qtsdkrepository/linux_x64/desktop/qt6_683/qt6_683/qt.qt6.683.linux_gcc_64/6.8.3-0-202503201345qttranslations-Linux-RHEL_8_10-GCC-Linux-RHEL_8_10-X86_64.7z
2025-10-13 01:14:16,718 - aqt.helper - DEBUG - helper 139797473594240 Asked to redirect(302) to: https://qt.mirror.constant.com/online/qtsdkrepository/linux_x64/desktop/qt6_683/qt6_683/qt.qt6.683.linux_gcc_64/6.8.3-0-202503201345qttranslations-Linux-RHEL_8_10-GCC-Linux-RHEL_8_10-X86_64.7z
2025-10-13 01:14:16,718 - aqt.helper - INFO - helper 139797473594240 Redirected: qt.mirror.constant.com
2025-10-13 01:14:17,308 - aqt.installer - INFO - installer 139797473594240 Finished installation of qttranslations-Linux-RHEL_8_10-GCC-Linux-RHEL_8_10-X86_64.7z in 1.51016296
2025-10-13 01:14:17,320 - aqt.helper - DEBUG - helper 139797473594240 Attempt to download checksum at https://download.qt.io/online/qtsdkrepository/linux_x64/desktop/qt6_683/qt6_683/qt.qt6.683.linux_gcc_64/6.8.3-0-202503201345qtwayland-Linux-RHEL_8_10-GCC-Linux-RHEL_8_10-X86_64.7z.sha256
2025-10-13 01:14:18,054 - aqt.helper - INFO - helper 139797473594240 Downloading qtwayland...
2025-10-13 01:14:18,054 - aqt.installer - DEBUG - installer 139797473594240 Download URL: https://download.qt.io/online/qtsdkrepository/linux_x64/desktop/qt6_683/qt6_683/qt.qt6.683.linux_gcc_64/6.8.3-0-202503201345qtwayland-Linux-RHEL_8_10-GCC-Linux-RHEL_8_10-X86_64.7z
2025-10-13 01:14:18,642 - aqt.installer - INFO - installer 140036666862464 Finished installation of qtbase-Linux-RHEL_8_10-GCC-Linux-RHEL_8_10-X86_64.7z in 4.40244196
2025-10-13 01:14:18,666 - aqt.helper - DEBUG - helper 140036666862464 Attempt to download checksum at https://download.qt.io/online/qtsdkrepository/linux_x64/desktop/qt6_683/qt6_683/qt.qt6.683.linux_gcc_64/6.8.3-0-202503201345icu-linux-Rhel8.6-x86_64.7z.sha256
2025-10-13 01:14:18,780 - aqt.helper - DEBUG - helper 139797473594240 Asked to redirect(302) to: https://qt.mirror.constant.com/online/qtsdkrepository/linux_x64/desktop/qt6_683/qt6_683/qt.qt6.683.linux_gcc_64/6.8.3-0-202503201345qtwayland-Linux-RHEL_8_10-GCC-Linux-RHEL_8_10-X86_64.7z
2025-10-13 01:14:18,780 - aqt.helper - INFO - helper 139797473594240 Redirected: qt.mirror.constant.com
2025-10-13 01:14:19,215 - aqt.installer - INFO - installer 139797473594240 Finished installation of qtwayland-Linux-RHEL_8_10-GCC-Linux-RHEL_8_10-X86_64.7z in 1.89576951
2025-10-13 01:14:19,230 - aqt.helper - INFO - helper 140036666862464 Downloading icu...
2025-10-13 01:14:19,230 - aqt.installer - DEBUG - installer 140036666862464 Download URL: https://download.qt.io/online/qtsdkrepository/linux_x64/desktop/qt6_683/qt6_683/qt.qt6.683.linux_gcc_64/6.8.3-0-202503201345icu-linux-Rhel8.6-x86_64.7z
2025-10-13 01:14:19,776 - aqt.helper - DEBUG - helper 140036666862464 Asked to redirect(302) to: https://qt.mirror.constant.com/online/qtsdkrepository/linux_x64/desktop/qt6_683/qt6_683/qt.qt6.683.linux_gcc_64/6.8.3-0-202503201345icu-linux-Rhel8.6-x86_64.7z
2025-10-13 01:14:19,776 - aqt.helper - INFO - helper 140036666862464 Redirected: qt.mirror.constant.com
2025-10-13 01:14:19,851 - aqt.installer - INFO - installer 140342622067584 Finished installation of qttools-Linux-RHEL_8_10-GCC-Linux-RHEL_8_10-X86_64.7z in 5.59868789
2025-10-13 01:14:20,630 - aqt.installer - INFO - installer 140036666862464 Finished installation of icu-linux-Rhel8.6-x86_64.7z in 1.96645882
2025-10-13 01:14:32,202 - aqt.installer - INFO - installer 140357215714176 Finished installation of qtdeclarative-Linux-RHEL_8_10-GCC-Linux-RHEL_8_10-X86_64.7z in 17.95259666
2025-10-13 01:14:32,293 - aqt.updater - INFO - updater 140702132349824 Patching /home/runner/work/FreeCAD/Qt/6.8.3/gcc_64/bin/qmake
2025-10-13 01:14:32,297 - aqt.updater - INFO - updater 140702132349824 Patching /home/runner/work/FreeCAD/Qt/6.8.3/gcc_64/lib/pkgconfig/Qt6Sql.pc
2025-10-13 01:14:32,297 - aqt.updater - INFO - updater 140702132349824 Patching /home/runner/work/FreeCAD/Qt/6.8.3/gcc_64/lib/pkgconfig/Qt6Core.pc
2025-10-13 01:14:32,298 - aqt.updater - INFO - updater 140702132349824 Patching /home/runner/work/FreeCAD/Qt/6.8.3/gcc_64/lib/pkgconfig/Qt6SvgWidgets.pc
2025-10-13 01:14:32,298 - aqt.updater - INFO - updater 140702132349824 Patching /home/runner/work/FreeCAD/Qt/6.8.3/gcc_64/lib/pkgconfig/Qt6DBus.pc
2025-10-13 01:14:32,298 - aqt.updater - INFO - updater 140702132349824 Patching /home/runner/work/FreeCAD/Qt/6.8.3/gcc_64/lib/pkgconfig/Qt6Platform.pc
2025-10-13 01:14:32,298 - aqt.updater - INFO - updater 140702132349824 Patching /home/runner/work/FreeCAD/Qt/6.8.3/gcc_64/lib/pkgconfig/Qt6Qml.pc
2025-10-13 01:14:32,299 - aqt.updater - INFO - updater 140702132349824 Patching /home/runner/work/FreeCAD/Qt/6.8.3/gcc_64/lib/pkgconfig/Qt6UiPlugin.pc
2025-10-13 01:14:32,299 - aqt.updater - INFO - updater 140702132349824 Patching /home/runner/work/FreeCAD/Qt/6.8.3/gcc_64/lib/pkgconfig/Qt6QuickControls2UniversalStyleImpl.pc
2025-10-13 01:14:32,299 - aqt.updater - INFO - updater 140702132349824 Patching /home/runner/work/FreeCAD/Qt/6.8.3/gcc_64/lib/pkgconfig/Qt6QuickControls2BasicStyleImpl.pc
2025-10-13 01:14:32,299 - aqt.updater - INFO - updater 140702132349824 Patching /home/runner/work/FreeCAD/Qt/6.8.3/gcc_64/lib/pkgconfig/Qt6QuickControls2.pc
2025-10-13 01:14:32,300 - aqt.updater - INFO - updater 140702132349824 Patching /home/runner/work/FreeCAD/Qt/6.8.3/gcc_64/lib/pkgconfig/Qt6QuickControls2Fusion.pc
2025-10-13 01:14:32,300 - aqt.updater - INFO - updater 140702132349824 Patching /home/runner/work/FreeCAD/Qt/6.8.3/gcc_64/lib/pkgconfig/Qt6Network.pc
2025-10-13 01:14:32,300 - aqt.updater - INFO - updater 140702132349824 Patching /home/runner/work/FreeCAD/Qt/6.8.3/gcc_64/lib/pkgconfig/Qt6Help.pc
2025-10-13 01:14:32,300 - aqt.updater - INFO - updater 140702132349824 Patching /home/runner/work/FreeCAD/Qt/6.8.3/gcc_64/lib/pkgconfig/Qt6LabsWavefrontMesh.pc
2025-10-13 01:14:32,300 - aqt.updater - INFO - updater 140702132349824 Patching /home/runner/work/FreeCAD/Qt/6.8.3/gcc_64/lib/pkgconfig/Qt6QuickWidgets.pc
2025-10-13 01:14:32,301 - aqt.updater - INFO - updater 140702132349824 Patching /home/runner/work/FreeCAD/Qt/6.8.3/gcc_64/lib/pkgconfig/Qt6QuickDialogs2.pc
2025-10-13 01:14:32,301 - aqt.updater - INFO - updater 140702132349824 Patching /home/runner/work/FreeCAD/Qt/6.8.3/gcc_64/lib/pkgconfig/Qt6QuickControls2Material.pc
2025-10-13 01:14:32,301 - aqt.updater - INFO - updater 140702132349824 Patching /home/runner/work/FreeCAD/Qt/6.8.3/gcc_64/lib/pkgconfig/Qt6Xml.pc
2025-10-13 01:14:32,301 - aqt.updater - INFO - updater 140702132349824 Patching /home/runner/work/FreeCAD/Qt/6.8.3/gcc_64/lib/pkgconfig/Qt6QuickTemplates2.pc
2025-10-13 01:14:32,302 - aqt.updater - INFO - updater 140702132349824 Patching /home/runner/work/FreeCAD/Qt/6.8.3/gcc_64/lib/pkgconfig/Qt6UiTools.pc
2025-10-13 01:14:32,302 - aqt.updater - INFO - updater 140702132349824 Patching /home/runner/work/FreeCAD/Qt/6.8.3/gcc_64/lib/pkgconfig/Qt6Gui.pc
2025-10-13 01:14:32,302 - aqt.updater - INFO - updater 140702132349824 Patching /home/runner/work/FreeCAD/Qt/6.8.3/gcc_64/lib/pkgconfig/Qt6QuickControls2FluentWinUI3StyleImpl.pc
2025-10-13 01:14:32,302 - aqt.updater - INFO - updater 140702132349824 Patching /home/runner/work/FreeCAD/Qt/6.8.3/gcc_64/lib/pkgconfig/Qt6Designer.pc
2025-10-13 01:14:32,303 - aqt.updater - INFO - updater 140702132349824 Patching /home/runner/work/FreeCAD/Qt/6.8.3/gcc_64/lib/pkgconfig/Qt6QuickLayouts.pc
2025-10-13 01:14:32,303 - aqt.updater - INFO - updater 140702132349824 Patching /home/runner/work/FreeCAD/Qt/6.8.3/gcc_64/lib/pkgconfig/Qt6QmlIntegration.pc
2025-10-13 01:14:32,303 - aqt.updater - INFO - updater 140702132349824 Patching /home/runner/work/FreeCAD/Qt/6.8.3/gcc_64/lib/pkgconfig/Qt6PrintSupport.pc
2025-10-13 01:14:32,303 - aqt.updater - INFO - updater 140702132349824 Patching /home/runner/work/FreeCAD/Qt/6.8.3/gcc_64/lib/pkgconfig/Qt6LabsAnimation.pc
2025-10-13 01:14:32,303 - aqt.updater - INFO - updater 140702132349824 Patching /home/runner/work/FreeCAD/Qt/6.8.3/gcc_64/lib/pkgconfig/Qt6LabsSettings.pc
2025-10-13 01:14:32,304 - aqt.updater - INFO - updater 140702132349824 Patching /home/runner/work/FreeCAD/Qt/6.8.3/gcc_64/lib/pkgconfig/Qt6QuickControls2Universal.pc
2025-10-13 01:14:32,304 - aqt.updater - INFO - updater 140702132349824 Patching /home/runner/work/FreeCAD/Qt/6.8.3/gcc_64/lib/pkgconfig/Qt6Linguist.pc
2025-10-13 01:14:32,304 - aqt.updater - INFO - updater 140702132349824 Patching /home/runner/work/FreeCAD/Qt/6.8.3/gcc_64/lib/pkgconfig/Qt6QmlNetwork.pc
2025-10-13 01:14:32,304 - aqt.updater - INFO - updater 140702132349824 Patching /home/runner/work/FreeCAD/Qt/6.8.3/gcc_64/lib/pkgconfig/Qt6LabsFolderListModel.pc
2025-10-13 01:14:32,305 - aqt.updater - INFO - updater 140702132349824 Patching /home/runner/work/FreeCAD/Qt/6.8.3/gcc_64/lib/pkgconfig/Qt6QmlAssetDownloader.pc
2025-10-13 01:14:32,305 - aqt.updater - INFO - updater 140702132349824 Patching /home/runner/work/FreeCAD/Qt/6.8.3/gcc_64/lib/pkgconfig/Qt6QmlXmlListModel.pc
2025-10-13 01:14:32,305 - aqt.updater - INFO - updater 140702132349824 Patching /home/runner/work/FreeCAD/Qt/6.8.3/gcc_64/lib/pkgconfig/Qt6Concurrent.pc
2025-10-13 01:14:32,305 - aqt.updater - INFO - updater 140702132349824 Patching /home/runner/work/FreeCAD/Qt/6.8.3/gcc_64/lib/pkgconfig/Qt6OpenGL.pc
2025-10-13 01:14:32,306 - aqt.updater - INFO - updater 140702132349824 Patching /home/runner/work/FreeCAD/Qt/6.8.3/gcc_64/lib/pkgconfig/Qt6LabsQmlModels.pc
2025-10-13 01:14:32,306 - aqt.updater - INFO - updater 140702132349824 Patching /home/runner/work/FreeCAD/Qt/6.8.3/gcc_64/lib/pkgconfig/Qt6QuickVectorImage.pc
2025-10-13 01:14:32,306 - aqt.updater - INFO - updater 140702132349824 Patching /home/runner/work/FreeCAD/Qt/6.8.3/gcc_64/lib/pkgconfig/Qt6QuickControls2Imagine.pc
2025-10-13 01:14:32,306 - aqt.updater - INFO - updater 140702132349824 Patching /home/runner/work/FreeCAD/Qt/6.8.3/gcc_64/lib/pkgconfig/Qt6WaylandClient.pc
2025-10-13 01:14:32,307 - aqt.updater - INFO - updater 140702132349824 Patching /home/runner/work/FreeCAD/Qt/6.8.3/gcc_64/lib/pkgconfig/Qt6Svg.pc
2025-10-13 01:14:32,307 - aqt.updater - INFO - updater 140702132349824 Patching /home/runner/work/FreeCAD/Qt/6.8.3/gcc_64/lib/pkgconfig/Qt6QuickControls2MaterialStyleImpl.pc
2025-10-13 01:14:32,307 - aqt.updater - INFO - updater 140702132349824 Patching /home/runner/work/FreeCAD/Qt/6.8.3/gcc_64/lib/pkgconfig/Qt6QmlMeta.pc
2025-10-13 01:14:32,307 - aqt.updater - INFO - updater 140702132349824 Patching /home/runner/work/FreeCAD/Qt/6.8.3/gcc_64/lib/pkgconfig/Qt6Test.pc
2025-10-13 01:14:32,308 - aqt.updater - INFO - updater 140702132349824 Patching /home/runner/work/FreeCAD/Qt/6.8.3/gcc_64/lib/pkgconfig/Qt6Quick.pc
2025-10-13 01:14:32,308 - aqt.updater - INFO - updater 140702132349824 Patching /home/runner/work/FreeCAD/Qt/6.8.3/gcc_64/lib/pkgconfig/Qt6LabsPlatform.pc
2025-10-13 01:14:32,308 - aqt.updater - INFO - updater 140702132349824 Patching /home/runner/work/FreeCAD/Qt/6.8.3/gcc_64/lib/pkgconfig/Qt6QmlLocalStorage.pc
2025-10-13 01:14:32,308 - aqt.updater - INFO - updater 140702132349824 Patching /home/runner/work/FreeCAD/Qt/6.8.3/gcc_64/lib/pkgconfig/Qt6Widgets.pc
2025-10-13 01:14:32,309 - aqt.updater - INFO - updater 140702132349824 Patching /home/runner/work/FreeCAD/Qt/6.8.3/gcc_64/lib/pkgconfig/Qt6QmlCore.pc
2025-10-13 01:14:32,309 - aqt.updater - INFO - updater 140702132349824 Patching /home/runner/work/FreeCAD/Qt/6.8.3/gcc_64/lib/pkgconfig/Qt6LabsSharedImage.pc
2025-10-13 01:14:32,309 - aqt.updater - INFO - updater 140702132349824 Patching /home/runner/work/FreeCAD/Qt/6.8.3/gcc_64/lib/pkgconfig/Qt6OpenGLWidgets.pc
2025-10-13 01:14:32,309 - aqt.updater - INFO - updater 140702132349824 Patching /home/runner/work/FreeCAD/Qt/6.8.3/gcc_64/lib/pkgconfig/Qt6QuickControls2Impl.pc
2025-10-13 01:14:32,309 - aqt.updater - INFO - updater 140702132349824 Patching /home/runner/work/FreeCAD/Qt/6.8.3/gcc_64/lib/pkgconfig/Qt6QmlCompiler.pc
2025-10-13 01:14:32,310 - aqt.updater - INFO - updater 140702132349824 Patching /home/runner/work/FreeCAD/Qt/6.8.3/gcc_64/lib/pkgconfig/Qt6QuickDialogs2Utils.pc
2025-10-13 01:14:32,310 - aqt.updater - INFO - updater 140702132349824 Patching /home/runner/work/FreeCAD/Qt/6.8.3/gcc_64/lib/pkgconfig/Qt6QuickDialogs2QuickImpl.pc
2025-10-13 01:14:32,310 - aqt.updater - INFO - updater 140702132349824 Patching /home/runner/work/FreeCAD/Qt/6.8.3/gcc_64/lib/pkgconfig/Qt6QuickControls2Basic.pc
2025-10-13 01:14:32,310 - aqt.updater - INFO - updater 140702132349824 Patching /home/runner/work/FreeCAD/Qt/6.8.3/gcc_64/lib/pkgconfig/Qt6QuickControls2FusionStyleImpl.pc
2025-10-13 01:14:32,311 - aqt.updater - INFO - updater 140702132349824 Patching /home/runner/work/FreeCAD/Qt/6.8.3/gcc_64/lib/pkgconfig/Qt6QmlWorkerScript.pc
2025-10-13 01:14:32,311 - aqt.updater - INFO - updater 140702132349824 Patching /home/runner/work/FreeCAD/Qt/6.8.3/gcc_64/lib/pkgconfig/Qt6QuickTest.pc
2025-10-13 01:14:32,311 - aqt.updater - INFO - updater 140702132349824 Patching /home/runner/work/FreeCAD/Qt/6.8.3/gcc_64/lib/pkgconfig/Qt6QuickControls2ImagineStyleImpl.pc
2025-10-13 01:14:32,311 - aqt.updater - INFO - updater 140702132349824 Patching /home/runner/work/FreeCAD/Qt/6.8.3/gcc_64/lib/pkgconfig/Qt6QmlModels.pc
2025-10-13 01:14:32,312 - aqt.updater - INFO - updater 140702132349824 Patching /home/runner/work/FreeCAD/Qt/6.8.3/gcc_64/lib/libQt6Svg.prl
2025-10-13 01:14:32,313 - aqt.updater - INFO - updater 140702132349824 Patching /home/runner/work/FreeCAD/Qt/6.8.3/gcc_64/lib/libQt6OpenGL.prl
2025-10-13 01:14:32,313 - aqt.updater - INFO - updater 140702132349824 Patching /home/runner/work/FreeCAD/Qt/6.8.3/gcc_64/lib/libQt6QmlLocalStorage.prl
2025-10-13 01:14:32,313 - aqt.updater - INFO - updater 140702132349824 Patching /home/runner/work/FreeCAD/Qt/6.8.3/gcc_64/lib/libQt6QuickEffects.prl
2025-10-13 01:14:32,313 - aqt.updater - INFO - updater 140702132349824 Patching /home/runner/work/FreeCAD/Qt/6.8.3/gcc_64/lib/libQt6Gui.prl
2025-10-13 01:14:32,314 - aqt.updater - INFO - updater 140702132349824 Patching /home/runner/work/FreeCAD/Qt/6.8.3/gcc_64/lib/libQt6Network.prl
2025-10-13 01:14:32,314 - aqt.updater - INFO - updater 140702132349824 Patching /home/runner/work/FreeCAD/Qt/6.8.3/gcc_64/lib/libQt6QuickControls2FluentWinUI3StyleImpl.prl
2025-10-13 01:14:32,314 - aqt.updater - INFO - updater 140702132349824 Patching /home/runner/work/FreeCAD/Qt/6.8.3/gcc_64/lib/libQt6WaylandEglClientHwIntegration.prl
2025-10-13 01:14:32,314 - aqt.updater - INFO - updater 140702132349824 Patching /home/runner/work/FreeCAD/Qt/6.8.3/gcc_64/lib/libQt6Quick.prl
2025-10-13 01:14:32,315 - aqt.updater - INFO - updater 140702132349824 Patching /home/runner/work/FreeCAD/Qt/6.8.3/gcc_64/lib/libQt6QuickVectorImage.prl
2025-10-13 01:14:32,315 - aqt.updater - INFO - updater 140702132349824 Patching /home/runner/work/FreeCAD/Qt/6.8.3/gcc_64/lib/libQt6QuickControls2.prl
2025-10-13 01:14:32,315 - aqt.updater - INFO - updater 140702132349824 Patching /home/runner/work/FreeCAD/Qt/6.8.3/gcc_64/lib/libQt6QuickControls2BasicStyleImpl.prl
2025-10-13 01:14:32,315 - aqt.updater - INFO - updater 140702132349824 Patching /home/runner/work/FreeCAD/Qt/6.8.3/gcc_64/lib/libQt6QmlNetwork.prl
2025-10-13 01:14:32,316 - aqt.updater - INFO - updater 140702132349824 Patching /home/runner/work/FreeCAD/Qt/6.8.3/gcc_64/lib/libQt6ExampleIcons.prl
2025-10-13 01:14:32,316 - aqt.updater - INFO - updater 140702132349824 Patching /home/runner/work/FreeCAD/Qt/6.8.3/gcc_64/lib/libQt6WlShellIntegration.prl
2025-10-13 01:14:32,316 - aqt.updater - INFO - updater 140702132349824 Patching /home/runner/work/FreeCAD/Qt/6.8.3/gcc_64/lib/libQt6LabsQmlModels.prl
2025-10-13 01:14:32,316 - aqt.updater - INFO - updater 140702132349824 Patching /home/runner/work/FreeCAD/Qt/6.8.3/gcc_64/lib/libQt6QuickDialogs2.prl
2025-10-13 01:14:32,317 - aqt.updater - INFO - updater 140702132349824 Patching /home/runner/work/FreeCAD/Qt/6.8.3/gcc_64/lib/libQt6QuickVectorImageGenerator.prl
2025-10-13 01:14:32,317 - aqt.updater - INFO - updater 140702132349824 Patching /home/runner/work/FreeCAD/Qt/6.8.3/gcc_64/lib/libQt6DesignerComponents.prl
2025-10-13 01:14:32,317 - aqt.updater - INFO - updater 140702132349824 Patching /home/runner/work/FreeCAD/Qt/6.8.3/gcc_64/lib/libQt6FbSupport.prl
2025-10-13 01:14:32,317 - aqt.updater - INFO - updater 140702132349824 Patching /home/runner/work/FreeCAD/Qt/6.8.3/gcc_64/lib/libQt6SvgWidgets.prl
2025-10-13 01:14:32,317 - aqt.updater - INFO - updater 140702132349824 Patching /home/runner/work/FreeCAD/Qt/6.8.3/gcc_64/lib/libQt6QuickWidgets.prl
2025-10-13 01:14:32,318 - aqt.updater - INFO - updater 140702132349824 Patching /home/runner/work/FreeCAD/Qt/6.8.3/gcc_64/lib/libQt6QmlMeta.prl
2025-10-13 01:14:32,318 - aqt.updater - INFO - updater 140702132349824 Patching /home/runner/work/FreeCAD/Qt/6.8.3/gcc_64/lib/libQt6QmlWorkerScript.prl
2025-10-13 01:14:32,318 - aqt.updater - INFO - updater 140702132349824 Patching /home/runner/work/FreeCAD/Qt/6.8.3/gcc_64/lib/libQt6LabsFolderListModel.prl
2025-10-13 01:14:32,318 - aqt.updater - INFO - updater 140702132349824 Patching /home/runner/work/FreeCAD/Qt/6.8.3/gcc_64/lib/libQt6QuickDialogs2Utils.prl
2025-10-13 01:14:32,319 - aqt.updater - INFO - updater 140702132349824 Patching /home/runner/work/FreeCAD/Qt/6.8.3/gcc_64/lib/libQt6QuickControls2ImagineStyleImpl.prl
2025-10-13 01:14:32,319 - aqt.updater - INFO - updater 140702132349824 Patching /home/runner/work/FreeCAD/Qt/6.8.3/gcc_64/lib/libQt6QmlToolingSettings.prl
2025-10-13 01:14:32,319 - aqt.updater - INFO - updater 140702132349824 Patching /home/runner/work/FreeCAD/Qt/6.8.3/gcc_64/lib/libQt6QmlLS.prl
2025-10-13 01:14:32,319 - aqt.updater - INFO - updater 140702132349824 Patching /home/runner/work/FreeCAD/Qt/6.8.3/gcc_64/lib/libQt6QuickTest.prl
2025-10-13 01:14:32,320 - aqt.updater - INFO - updater 140702132349824 Patching /home/runner/work/FreeCAD/Qt/6.8.3/gcc_64/lib/libQt6QuickControlsTestUtils.prl
2025-10-13 01:14:32,320 - aqt.updater - INFO - updater 140702132349824 Patching /home/runner/work/FreeCAD/Qt/6.8.3/gcc_64/lib/libQt6Concurrent.prl
2025-10-13 01:14:32,320 - aqt.updater - INFO - updater 140702132349824 Patching /home/runner/work/FreeCAD/Qt/6.8.3/gcc_64/lib/libQt6KmsSupport.prl
2025-10-13 01:14:32,320 - aqt.updater - INFO - updater 140702132349824 Patching /home/runner/work/FreeCAD/Qt/6.8.3/gcc_64/lib/libQt6QuickControls2MaterialStyleImpl.prl
2025-10-13 01:14:32,321 - aqt.updater - INFO - updater 140702132349824 Patching /home/runner/work/FreeCAD/Qt/6.8.3/gcc_64/lib/libQt6Help.prl
2025-10-13 01:14:32,321 - aqt.updater - INFO - updater 140702132349824 Patching /home/runner/work/FreeCAD/Qt/6.8.3/gcc_64/lib/libQt6Xml.prl
2025-10-13 01:14:32,321 - aqt.updater - INFO - updater 140702132349824 Patching /home/runner/work/FreeCAD/Qt/6.8.3/gcc_64/lib/libQt6EglFsKmsGbmSupport.prl
2025-10-13 01:14:32,321 - aqt.updater - INFO - updater 140702132349824 Patching /home/runner/work/FreeCAD/Qt/6.8.3/gcc_64/lib/libQt6DBus.prl
2025-10-13 01:14:32,321 - aqt.updater - INFO - updater 140702132349824 Patching /home/runner/work/FreeCAD/Qt/6.8.3/gcc_64/lib/libQt6QuickDialogs2QuickImpl.prl
2025-10-13 01:14:32,322 - aqt.updater - INFO - updater 140702132349824 Patching /home/runner/work/FreeCAD/Qt/6.8.3/gcc_64/lib/libQt6EglFSDeviceIntegration.prl
2025-10-13 01:14:32,322 - aqt.updater - INFO - updater 140702132349824 Patching /home/runner/work/FreeCAD/Qt/6.8.3/gcc_64/lib/libQt6InputSupport.prl
2025-10-13 01:14:32,322 - aqt.updater - INFO - updater 140702132349824 Patching /home/runner/work/FreeCAD/Qt/6.8.3/gcc_64/lib/libQt6Widgets.prl
2025-10-13 01:14:32,322 - aqt.updater - INFO - updater 140702132349824 Patching /home/runner/work/FreeCAD/Qt/6.8.3/gcc_64/lib/libQt6Sql.prl
2025-10-13 01:14:32,323 - aqt.updater - INFO - updater 140702132349824 Patching /home/runner/work/FreeCAD/Qt/6.8.3/gcc_64/lib/libQt6QuickTestUtils.prl
2025-10-13 01:14:32,323 - aqt.updater - INFO - updater 140702132349824 Patching /home/runner/work/FreeCAD/Qt/6.8.3/gcc_64/lib/libQt6QmlModels.prl
2025-10-13 01:14:32,323 - aqt.updater - INFO - updater 140702132349824 Patching /home/runner/work/FreeCAD/Qt/6.8.3/gcc_64/lib/libQt6QuickControls2Basic.prl
2025-10-13 01:14:32,323 - aqt.updater - INFO - updater 140702132349824 Patching /home/runner/work/FreeCAD/Qt/6.8.3/gcc_64/lib/libQt6QuickTemplates2.prl
2025-10-13 01:14:32,324 - aqt.updater - INFO - updater 140702132349824 Patching /home/runner/work/FreeCAD/Qt/6.8.3/gcc_64/lib/libQt6UiTools.prl
2025-10-13 01:14:32,324 - aqt.updater - INFO - updater 140702132349824 Patching /home/runner/work/FreeCAD/Qt/6.8.3/gcc_64/lib/libQt6QmlDebug.prl
2025-10-13 01:14:32,324 - aqt.updater - INFO - updater 140702132349824 Patching /home/runner/work/FreeCAD/Qt/6.8.3/gcc_64/lib/libQt6QuickControls2Imagine.prl
2025-10-13 01:14:32,324 - aqt.updater - INFO - updater 140702132349824 Patching /home/runner/work/FreeCAD/Qt/6.8.3/gcc_64/lib/libQt6WaylandClient.prl
2025-10-13 01:14:32,324 - aqt.updater - INFO - updater 140702132349824 Patching /home/runner/work/FreeCAD/Qt/6.8.3/gcc_64/lib/libQt6PacketProtocol.prl
2025-10-13 01:14:32,325 - aqt.updater - INFO - updater 140702132349824 Patching /home/runner/work/FreeCAD/Qt/6.8.3/gcc_64/lib/libQt6OpenGLWidgets.prl
2025-10-13 01:14:32,325 - aqt.updater - INFO - updater 140702132349824 Patching /home/runner/work/FreeCAD/Qt/6.8.3/gcc_64/lib/libQt6LabsPlatform.prl
2025-10-13 01:14:32,325 - aqt.updater - INFO - updater 140702132349824 Patching /home/runner/work/FreeCAD/Qt/6.8.3/gcc_64/lib/libQt6Core.prl
2025-10-13 01:14:32,325 - aqt.updater - INFO - updater 140702132349824 Patching /home/runner/work/FreeCAD/Qt/6.8.3/gcc_64/lib/libQt6QuickControls2FusionStyleImpl.prl
2025-10-13 01:14:32,326 - aqt.updater - INFO - updater 140702132349824 Patching /home/runner/work/FreeCAD/Qt/6.8.3/gcc_64/lib/libQt6LabsSettings.prl
2025-10-13 01:14:32,326 - aqt.updater - INFO - updater 140702132349824 Patching /home/runner/work/FreeCAD/Qt/6.8.3/gcc_64/lib/libQt6QmlDom.prl
2025-10-13 01:14:32,326 - aqt.updater - INFO - updater 140702132349824 Patching /home/runner/work/FreeCAD/Qt/6.8.3/gcc_64/lib/libQt6Qml.prl
2025-10-13 01:14:32,326 - aqt.updater - INFO - updater 140702132349824 Patching /home/runner/work/FreeCAD/Qt/6.8.3/gcc_64/lib/libQt6QuickControls2UniversalStyleImpl.prl
2025-10-13 01:14:32,327 - aqt.updater - INFO - updater 140702132349824 Patching /home/runner/work/FreeCAD/Qt/6.8.3/gcc_64/lib/libQt6QuickLayouts.prl
2025-10-13 01:14:32,327 - aqt.updater - INFO - updater 140702132349824 Patching /home/runner/work/FreeCAD/Qt/6.8.3/gcc_64/lib/libQt6QuickControls2Impl.prl
2025-10-13 01:14:32,327 - aqt.updater - INFO - updater 140702132349824 Patching /home/runner/work/FreeCAD/Qt/6.8.3/gcc_64/lib/libQt6XcbQpa.prl
2025-10-13 01:14:32,327 - aqt.updater - INFO - updater 140702132349824 Patching /home/runner/work/FreeCAD/Qt/6.8.3/gcc_64/lib/libQt6QuickShapes.prl
2025-10-13 01:14:32,328 - aqt.updater - INFO - updater 140702132349824 Patching /home/runner/work/FreeCAD/Qt/6.8.3/gcc_64/lib/libQt6DeviceDiscoverySupport.prl
2025-10-13 01:14:32,328 - aqt.updater - INFO - updater 140702132349824 Patching /home/runner/work/FreeCAD/Qt/6.8.3/gcc_64/lib/libQt6QmlCompiler.prl
2025-10-13 01:14:32,328 - aqt.updater - INFO - updater 140702132349824 Patching /home/runner/work/FreeCAD/Qt/6.8.3/gcc_64/lib/libQt6QuickParticles.prl
2025-10-13 01:14:32,328 - aqt.updater - INFO - updater 140702132349824 Patching /home/runner/work/FreeCAD/Qt/6.8.3/gcc_64/lib/libQt6QuickControls2Universal.prl
2025-10-13 01:14:32,329 - aqt.updater - INFO - updater 140702132349824 Patching /home/runner/work/FreeCAD/Qt/6.8.3/gcc_64/lib/libQt6LabsWavefrontMesh.prl
2025-10-13 01:14:32,329 - aqt.updater - INFO - updater 140702132349824 Patching /home/runner/work/FreeCAD/Qt/6.8.3/gcc_64/lib/libQt6QmlXmlListModel.prl
2025-10-13 01:14:32,329 - aqt.updater - INFO - updater 140702132349824 Patching /home/runner/work/FreeCAD/Qt/6.8.3/gcc_64/lib/libQt6EglFsKmsSupport.prl
2025-10-13 01:14:32,329 - aqt.updater - INFO - updater 140702132349824 Patching /home/runner/work/FreeCAD/Qt/6.8.3/gcc_64/lib/libQt6LabsSharedImage.prl
2025-10-13 01:14:32,330 - aqt.updater - INFO - updater 140702132349824 Patching /home/runner/work/FreeCAD/Qt/6.8.3/gcc_64/lib/libQt6PrintSupport.prl
2025-10-13 01:14:32,330 - aqt.updater - INFO - updater 140702132349824 Patching /home/runner/work/FreeCAD/Qt/6.8.3/gcc_64/lib/libQt6QuickControls2Fusion.prl
2025-10-13 01:14:32,330 - aqt.updater - INFO - updater 140702132349824 Patching /home/runner/work/FreeCAD/Qt/6.8.3/gcc_64/lib/libQt6Designer.prl
2025-10-13 01:14:32,330 - aqt.updater - INFO - updater 140702132349824 Patching /home/runner/work/FreeCAD/Qt/6.8.3/gcc_64/lib/libQt6ExamplesAssetDownloader.prl
2025-10-13 01:14:32,331 - aqt.updater - INFO - updater 140702132349824 Patching /home/runner/work/FreeCAD/Qt/6.8.3/gcc_64/lib/libQt6QmlTypeRegistrar.prl
2025-10-13 01:14:32,331 - aqt.updater - INFO - updater 140702132349824 Patching /home/runner/work/FreeCAD/Qt/6.8.3/gcc_64/lib/libQt6LabsAnimation.prl
2025-10-13 01:14:32,331 - aqt.updater - INFO - updater 140702132349824 Patching /home/runner/work/FreeCAD/Qt/6.8.3/gcc_64/lib/libQt6QuickControls2Material.prl
2025-10-13 01:14:32,331 - aqt.updater - INFO - updater 140702132349824 Patching /home/runner/work/FreeCAD/Qt/6.8.3/gcc_64/lib/libQt6QmlCore.prl
2025-10-13 01:14:32,332 - aqt.updater - INFO - updater 140702132349824 Patching /home/runner/work/FreeCAD/Qt/6.8.3/gcc_64/lib/libQt6QmlAssetDownloader.prl
2025-10-13 01:14:32,332 - aqt.updater - INFO - updater 140702132349824 Patching /home/runner/work/FreeCAD/Qt/6.8.3/gcc_64/lib/libQt6Test.prl
2025-10-13 01:14:32,332 - aqt.main - INFO - installer 140702132349824 Finished installation
2025-10-13 01:14:32,332 - aqt.main - INFO - installer 140702132349824 Time elapsed: 22.60110165 second
